2025-10-23 05:15:06,690 - SmartDine - INFO - initialize_database:51 - Initializing database...
2025-10-23 05:15:06,775 - SmartDine - INFO - initialize_database:62 - Database is empty, seeding with sample data...
2025-10-23 05:15:07,857 - SmartDine - INFO - run:125 - Starting SmartDine Desktop Edition...
2025-10-23 05:15:08,857 - SmartDine - INFO - create_main_window:83 - Creating main window...
2025-10-23 05:15:09,053 - SmartDine - ERROR - create_main_window:93 - Error creating main window: name 'QTabWidget' is not defined
2025-10-23 05:15:14,066 - SmartDine - ERROR - load_tables:423 - Error loading tables: 'Table' object has no attribute 'current_order'
2025-10-23 05:15:14,067 - SmartDine - INFO - update_status:810 - Waiter status: Error loading tables: 'Table' object has no attribute 'current_order'
2025-10-23 05:15:19,065 - SmartDine - ERROR - load_tables:423 - Error loading tables: 'Table' object has no attribute 'current_order'
2025-10-23 05:15:19,065 - SmartDine - INFO - update_status:810 - Waiter status: Error loading tables: 'Table' object has no attribute 'current_order'
2025-10-23 05:15:24,072 - SmartDine - ERROR - load_tables:423 - Error loading tables: 'Table' object has no attribute 'current_order'
2025-10-23 05:15:24,073 - SmartDine - INFO - update_status:810 - Waiter status: Error loading tables: 'Table' object has no attribute 'current_order'
2025-10-23 05:16:09,934 - SmartDine - INFO - initialize_database:51 - Initializing database...
2025-10-23 05:16:09,950 - SmartDine - INFO - initialize_database:65 - Database already contains 5 users
2025-10-23 05:16:09,951 - SmartDine - INFO - run:125 - Starting SmartDine Desktop Edition...
2025-10-23 05:16:10,951 - SmartDine - INFO - create_main_window:83 - Creating main window...
2025-10-23 05:16:57,846 - SmartDine - INFO - handle_login:145 - User admin logged in successfully
2025-10-23 05:16:57,861 - SmartDine - INFO - update_status:784 - Admin status: Admin dashboard ready
2025-10-23 05:17:18,581 - SmartDine - INFO - update_status:784 - Admin status: Menu item added
2025-10-23 05:18:35,333 - SmartDine - INFO - closeEvent:317 - Application closing...
2025-10-23 05:54:00,512 - SmartDine - INFO - initialize_database:51 - Initializing database...
2025-10-23 05:54:00,527 - SmartDine - INFO - initialize_database:65 - Database already contains 5 users
2025-10-23 05:54:00,528 - SmartDine - INFO - run:125 - Starting SmartDine Desktop Edition...
2025-10-23 05:54:01,528 - SmartDine - INFO - create_main_window:83 - Creating main window...
2025-10-23 05:54:03,475 - SmartDine - INFO - handle_login:145 - User admin logged in successfully
2025-10-23 05:54:03,492 - SmartDine - INFO - update_status:784 - Admin status: Admin dashboard ready
2025-10-23 05:55:12,583 - SmartDine - INFO - update_status:784 - Admin status: Daily sales report generated
2025-10-23 05:55:13,342 - SmartDine - INFO - update_status:784 - Admin status: Top items report generated
2025-10-23 05:55:14,868 - SmartDine - INFO - update_status:784 - Admin status: Sales summary report generated
2025-10-23 05:55:15,847 - SmartDine - INFO - update_status:784 - Admin status: Revenue report generated
2025-10-23 05:56:33,367 - SmartDine - INFO - closeEvent:317 - Application closing...
