2025-10-23 04:35:45,411 - SmartDine - INFO - initialize_database:51 - Initializing database...
2025-10-23 04:35:45,460 - SmartDine - ERROR - initialize_database:70 - Error initializing database: Could not determine join condition between parent/child tables on relationship Table.orders - there are multiple foreign key paths linking the tables.  Specify the 'foreign_keys' argument, providing a list of those columns which should be counted as containing a foreign key reference to the parent table.
2025-10-23 04:36:31,727 - SmartDine - INFO - initialize_database:51 - Initializing database...
2025-10-23 04:36:31,745 - SmartDine - INFO - initialize_database:62 - Database is empty, seeding with sample data...
2025-10-23 04:36:32,820 - SmartDine - INFO - run:125 - Starting SmartDine Desktop Edition...
2025-10-23 04:36:33,819 - SmartDine - INFO - create_main_window:83 - Creating main window...
2025-10-23 04:36:38,998 - SmartDine - ERROR - load_tables:275 - Error loading tables: 'Table' object has no attribute 'current_order'
2025-10-23 04:36:38,998 - SmartDine - INFO - update_status:457 - Waiter status: Error loading tables: 'Table' object has no attribute 'current_order'
2025-10-23 04:36:42,968 - SmartDine - INFO - handle_login:145 - User admin logged in successfully
2025-10-23 04:36:42,975 - SmartDine - ERROR - load_tables:388 - Error loading tables: 'Table' object has no attribute 'current_order'
2025-10-23 04:36:42,975 - SmartDine - INFO - update_status:784 - Admin status: Error loading tables: 'Table' object has no attribute 'current_order'
2025-10-23 04:36:42,977 - SmartDine - INFO - update_status:784 - Admin status: Admin dashboard ready
2025-10-23 04:36:43,988 - SmartDine - ERROR - load_tables:275 - Error loading tables: 'Table' object has no attribute 'current_order'
2025-10-23 04:36:43,988 - SmartDine - INFO - update_status:457 - Waiter status: Error loading tables: 'Table' object has no attribute 'current_order'
2025-10-23 04:36:48,992 - SmartDine - ERROR - load_tables:275 - Error loading tables: 'Table' object has no attribute 'current_order'
2025-10-23 04:36:48,992 - SmartDine - INFO - update_status:457 - Waiter status: Error loading tables: 'Table' object has no attribute 'current_order'
2025-10-23 04:36:49,018 - SmartDine - ERROR - load_tables:292 - Error loading tables: 'Table' object has no attribute 'current_order'
2025-10-23 04:36:49,018 - SmartDine - INFO - update_status:522 - Cashier status: Error loading tables: 'Table' object has no attribute 'current_order'
2025-10-23 04:36:53,986 - SmartDine - ERROR - load_tables:275 - Error loading tables: 'Table' object has no attribute 'current_order'
2025-10-23 04:36:53,986 - SmartDine - INFO - update_status:457 - Waiter status: Error loading tables: 'Table' object has no attribute 'current_order'
2025-10-23 04:36:55,301 - SmartDine - INFO - update_status:784 - Admin status: Daily sales report generated
2025-10-23 04:36:56,997 - SmartDine - INFO - update_status:784 - Admin status: Top items report generated
2025-10-23 04:36:58,796 - SmartDine - INFO - update_status:784 - Admin status: Sales summary report generated
2025-10-23 04:36:58,986 - SmartDine - ERROR - load_tables:275 - Error loading tables: 'Table' object has no attribute 'current_order'
2025-10-23 04:36:58,986 - SmartDine - INFO - update_status:457 - Waiter status: Error loading tables: 'Table' object has no attribute 'current_order'
2025-10-23 04:36:59,797 - SmartDine - INFO - update_status:784 - Admin status: Revenue report generated
2025-10-23 04:37:03,986 - SmartDine - ERROR - load_tables:275 - Error loading tables: 'Table' object has no attribute 'current_order'
2025-10-23 04:37:03,986 - SmartDine - INFO - update_status:457 - Waiter status: Error loading tables: 'Table' object has no attribute 'current_order'
2025-10-23 04:37:04,018 - SmartDine - ERROR - load_tables:292 - Error loading tables: 'Table' object has no attribute 'current_order'
2025-10-23 04:37:04,018 - SmartDine - INFO - update_status:522 - Cashier status: Error loading tables: 'Table' object has no attribute 'current_order'
2025-10-23 04:37:08,983 - SmartDine - ERROR - load_tables:275 - Error loading tables: 'Table' object has no attribute 'current_order'
2025-10-23 04:37:08,983 - SmartDine - INFO - update_status:457 - Waiter status: Error loading tables: 'Table' object has no attribute 'current_order'
2025-10-23 04:37:13,986 - SmartDine - ERROR - load_tables:275 - Error loading tables: 'Table' object has no attribute 'current_order'
2025-10-23 04:37:13,986 - SmartDine - INFO - update_status:457 - Waiter status: Error loading tables: 'Table' object has no attribute 'current_order'
2025-10-23 04:37:18,987 - SmartDine - ERROR - load_tables:275 - Error loading tables: 'Table' object has no attribute 'current_order'
2025-10-23 04:37:18,987 - SmartDine - INFO - update_status:457 - Waiter status: Error loading tables: 'Table' object has no attribute 'current_order'
2025-10-23 04:37:19,019 - SmartDine - ERROR - load_tables:292 - Error loading tables: 'Table' object has no attribute 'current_order'
2025-10-23 04:37:19,019 - SmartDine - INFO - update_status:522 - Cashier status: Error loading tables: 'Table' object has no attribute 'current_order'
2025-10-23 04:37:23,984 - SmartDine - ERROR - load_tables:275 - Error loading tables: 'Table' object has no attribute 'current_order'
2025-10-23 04:37:23,984 - SmartDine - INFO - update_status:457 - Waiter status: Error loading tables: 'Table' object has no attribute 'current_order'
2025-10-23 04:37:28,018 - SmartDine - INFO - update_status:784 - Admin status: Menu item updated
2025-10-23 04:37:28,986 - SmartDine - ERROR - load_tables:275 - Error loading tables: 'Table' object has no attribute 'current_order'
2025-10-23 04:37:28,986 - SmartDine - INFO - update_status:457 - Waiter status: Error loading tables: 'Table' object has no attribute 'current_order'
2025-10-23 04:37:33,986 - SmartDine - ERROR - load_tables:275 - Error loading tables: 'Table' object has no attribute 'current_order'
2025-10-23 04:37:33,986 - SmartDine - INFO - update_status:457 - Waiter status: Error loading tables: 'Table' object has no attribute 'current_order'
2025-10-23 04:37:34,018 - SmartDine - ERROR - load_tables:292 - Error loading tables: 'Table' object has no attribute 'current_order'
2025-10-23 04:37:34,018 - SmartDine - INFO - update_status:522 - Cashier status: Error loading tables: 'Table' object has no attribute 'current_order'
2025-10-23 04:37:38,985 - SmartDine - ERROR - load_tables:275 - Error loading tables: 'Table' object has no attribute 'current_order'
2025-10-23 04:37:38,985 - SmartDine - INFO - update_status:457 - Waiter status: Error loading tables: 'Table' object has no attribute 'current_order'
2025-10-23 04:37:43,989 - SmartDine - ERROR - load_tables:275 - Error loading tables: 'Table' object has no attribute 'current_order'
2025-10-23 04:37:43,989 - SmartDine - INFO - update_status:457 - Waiter status: Error loading tables: 'Table' object has no attribute 'current_order'
2025-10-23 04:37:48,999 - SmartDine - ERROR - load_tables:275 - Error loading tables: 'Table' object has no attribute 'current_order'
2025-10-23 04:37:48,999 - SmartDine - INFO - update_status:457 - Waiter status: Error loading tables: 'Table' object has no attribute 'current_order'
2025-10-23 04:37:49,021 - SmartDine - ERROR - load_tables:292 - Error loading tables: 'Table' object has no attribute 'current_order'
2025-10-23 04:37:49,022 - SmartDine - INFO - update_status:522 - Cashier status: Error loading tables: 'Table' object has no attribute 'current_order'
2025-10-23 04:37:52,087 - SmartDine - ERROR - load_tables:388 - Error loading tables: 'Table' object has no attribute 'current_order'
2025-10-23 04:37:52,087 - SmartDine - INFO - update_status:784 - Admin status: Error loading tables: 'Table' object has no attribute 'current_order'
2025-10-23 04:37:52,087 - SmartDine - INFO - update_status:784 - Admin status: Table added
2025-10-23 04:37:54,023 - SmartDine - ERROR - load_tables:275 - Error loading tables: 'Table' object has no attribute 'current_order'
2025-10-23 04:37:54,023 - SmartDine - INFO - update_status:457 - Waiter status: Error loading tables: 'Table' object has no attribute 'current_order'
2025-10-23 04:37:59,031 - SmartDine - ERROR - load_tables:275 - Error loading tables: 'Table' object has no attribute 'current_order'
2025-10-23 04:37:59,031 - SmartDine - INFO - update_status:457 - Waiter status: Error loading tables: 'Table' object has no attribute 'current_order'
2025-10-23 04:38:04,023 - SmartDine - ERROR - load_tables:292 - Error loading tables: 'Table' object has no attribute 'current_order'
2025-10-23 04:38:04,023 - SmartDine - INFO - update_status:522 - Cashier status: Error loading tables: 'Table' object has no attribute 'current_order'
2025-10-23 04:38:04,037 - SmartDine - ERROR - load_tables:275 - Error loading tables: 'Table' object has no attribute 'current_order'
2025-10-23 04:38:04,037 - SmartDine - INFO - update_status:457 - Waiter status: Error loading tables: 'Table' object has no attribute 'current_order'
2025-10-23 04:38:09,034 - SmartDine - ERROR - load_tables:275 - Error loading tables: 'Table' object has no attribute 'current_order'
2025-10-23 04:38:09,034 - SmartDine - INFO - update_status:457 - Waiter status: Error loading tables: 'Table' object has no attribute 'current_order'
2025-10-23 04:38:14,034 - SmartDine - ERROR - load_tables:275 - Error loading tables: 'Table' object has no attribute 'current_order'
2025-10-23 04:38:14,034 - SmartDine - INFO - update_status:457 - Waiter status: Error loading tables: 'Table' object has no attribute 'current_order'
2025-10-23 04:38:18,843 - SmartDine - INFO - update_status:784 - Admin status: Top items report generated
2025-10-23 04:38:19,028 - SmartDine - ERROR - load_tables:292 - Error loading tables: 'Table' object has no attribute 'current_order'
2025-10-23 04:38:19,029 - SmartDine - INFO - update_status:522 - Cashier status: Error loading tables: 'Table' object has no attribute 'current_order'
2025-10-23 04:38:19,044 - SmartDine - ERROR - load_tables:275 - Error loading tables: 'Table' object has no attribute 'current_order'
2025-10-23 04:38:19,044 - SmartDine - INFO - update_status:457 - Waiter status: Error loading tables: 'Table' object has no attribute 'current_order'
2025-10-23 04:38:20,123 - SmartDine - INFO - update_status:784 - Admin status: Daily sales report generated
2025-10-23 04:38:21,883 - SmartDine - INFO - update_status:784 - Admin status: Sales summary report generated
2025-10-23 04:38:24,039 - SmartDine - ERROR - load_tables:275 - Error loading tables: 'Table' object has no attribute 'current_order'
2025-10-23 04:38:24,039 - SmartDine - INFO - update_status:457 - Waiter status: Error loading tables: 'Table' object has no attribute 'current_order'
2025-10-23 04:38:24,973 - SmartDine - INFO - closeEvent:317 - Application closing...
2025-10-23 04:45:18,921 - SmartDine - INFO - initialize_database:51 - Initializing database...
2025-10-23 04:45:18,936 - SmartDine - INFO - initialize_database:65 - Database already contains 5 users
2025-10-23 04:45:18,936 - SmartDine - INFO - run:125 - Starting SmartDine Desktop Edition...
2025-10-23 04:45:19,935 - SmartDine - INFO - create_main_window:83 - Creating main window...
2025-10-23 04:45:19,955 - SmartDine - ERROR - create_main_window:93 - Error creating main window: name 'QLineEdit' is not defined
